[0mCompiling "app/dev/js/front.js" from ["src_front" "src_front_profile/djtest_front/dev"]...[0m
[31mFailed to compile "app/dev/js/front.js" in 2.498 seconds.[0m
[36m----  Could not Analyze  src_front/djtest_front/core.cljs  ----[0m

  [1mNo such namespace: re-frame-basic.events, could not locate re_frame_basic/events.cljs, re_frame_basic/events.cljc, or Closure namespace "re-frame-basic.events" [0m

[36m----  Analysis Error : Please see src_front/djtest_front/core.cljs  ----[0m
[0mCompiling "app/dev/js/front.js" from ["src_front" "src_front_profile/djtest_front/dev"]...[0m
[31mFailed to compile "app/dev/js/front.js" in 0.39 seconds.[0m
[36m----  Could not Analyze  src_front/djtest_front/core.cljs  ----[0m

  [1mNo such namespace: djtest_front.events, could not locate djtest_front/events.cljs, djtest_front/events.cljc, or Closure namespace "djtest_front.events" [0m

[36m----  Analysis Error : Please see src_front/djtest_front/core.cljs  ----[0m
[0mCompiling "app/dev/js/front.js" from ["src_front" "src_front_profile/djtest_front/dev"]...[0m
[31mFailed to compile "app/dev/js/front.js" in 0.332 seconds.[0m
[36m----  Could not Analyze  src_front/djtest_front/core.cljs  ----[0m

  [1mNo such namespace: djtest_front.events, could not locate djtest_front/events.cljs, djtest_front/events.cljc, or Closure namespace "djtest_front.events" [0m

[36m----  Analysis Error : Please see src_front/djtest_front/core.cljs  ----[0m
[0mCompiling "app/dev/js/front.js" from ["src_front" "src_front_profile/djtest_front/dev"]...[0m
[31mFailed to compile "app/dev/js/front.js" in 0.327 seconds.[0m
[36m----  Could not Analyze  src_front/djtest_front/core.cljs  ----[0m

  [1mNo such namespace: djtest_front.events, could not locate djtest_front/events.cljs, djtest_front/events.cljc, or Closure namespace "djtest_front.events" [0m

[36m----  Analysis Error : Please see src_front/djtest_front/core.cljs  ----[0m
[0mCompiling "app/dev/js/front.js" from ["src_front" "src_front_profile/djtest_front/dev"]...[0m
[31mFailed to compile "app/dev/js/front.js" in 0.338 seconds.[0m
[36m----  Could not Analyze  src_front/djtest_front/core.cljs  ----[0m

  [1mNo such namespace: djtest_front.events, could not locate djtest_front/events.cljs, djtest_front/events.cljc, or Closure namespace "djtest_front.events" [0m

[36m----  Analysis Error : Please see src_front/djtest_front/core.cljs  ----[0m
[0mCompiling "app/dev/js/front.js" from ["src_front" "src_front_profile/djtest_front/dev"]...[0m
[31mFailed to compile "app/dev/js/front.js" in 0.343 seconds.[0m
[36m----  Could not Analyze  src_front/djtest_front/core.cljs  ----[0m

  [1mNo such namespace: djtest_front.events, could not locate djtest_front/events.cljs, djtest_front/events.cljc, or Closure namespace "djtest_front.events" [0m

[36m----  Analysis Error : Please see src_front/djtest_front/core.cljs  ----[0m
[0mCompiling "app/dev/js/front.js" from ["src_front" "src_front_profile/djtest_front/dev"]...[0m
[31mFailed to compile "app/dev/js/front.js" in 0.324 seconds.[0m
[36m----  Could not Analyze  src_front/djtest_front/core.cljs  ----[0m

  [1mNo such namespace: djtest_front.events, could not locate djtest_front/events.cljs, djtest_front/events.cljc, or Closure namespace "djtest_front.events" [0m

[36m----  Analysis Error : Please see src_front/djtest_front/core.cljs  ----[0m
[0mCompiling "app/dev/js/front.js" from ["src_front" "src_front_profile/djtest_front/dev"]...[0m
[31mFailed to compile "app/dev/js/front.js" in 0.337 seconds.[0m
[36m----  Could not Analyze  src_front/djtest_front/core.cljs  ----[0m

  [1mNo such namespace: djtest_front.events, could not locate djtest_front/events.cljs, djtest_front/events.cljc, or Closure namespace "djtest_front.events" [0m

[36m----  Analysis Error : Please see src_front/djtest_front/core.cljs  ----[0m
[0mCompiling "app/dev/js/front.js" from ["src_front" "src_front_profile/djtest_front/dev"]...[0m
[31mFailed to compile "app/dev/js/front.js" in 0.413 seconds.[0m
[36m----  Could not Analyze  src_front/djtest_front/core.cljs  ----[0m

  [1mNo such namespace: djtest.events, could not locate djtest/events.cljs, djtest/events.cljc, or Closure namespace "djtest.events" [0m

[36m----  Analysis Error : Please see src_front/djtest_front/core.cljs  ----[0m
[0mCompiling "app/dev/js/front.js" from ["src_front" "src_front_profile/djtest_front/dev"]...[0m
[31mFailed to compile "app/dev/js/front.js" in 0.423 seconds.[0m
[36m----  Could not Analyze  src_front/djtest /core.cljs  ----[0m

  [1mNo such namespace: djtest.events, could not locate djtest/events.cljs, djtest/events.cljc, or Closure namespace "djtest.events" [0m

[36m----  Analysis Error : Please see src_front/djtest /core.cljs  ----[0m
[0mCompiling "app/dev/js/front.js" from ["src_front" "src_front_profile/djtest_front/dev"]...[0m
[31mFailed to compile "app/dev/js/front.js" in 0.532 seconds.[0m
[36m----  Could not Analyze  src_front/djtest /core.cljs  ----[0m

  [1mNo such namespace: djtest.events, could not locate djtest/events.cljs, djtest/events.cljc, or Closure namespace "djtest.events" [0m

[36m----  Analysis Error : Please see src_front/djtest /core.cljs  ----[0m
[0mCompiling "app/dev/js/front.js" from ["src_front" "src_front_profile/djtest_front/dev"]...[0m
[31mFailed to compile "app/dev/js/front.js" in 0.338 seconds.[0m
[36m----  Could not Analyze  src_front/djtest /core.cljs  ----[0m

  [1mNo such namespace: djtest.views, could not locate djtest/views.cljs, djtest/views.cljc, or Closure namespace "djtest.views" [0m

[36m----  Analysis Error : Please see src_front/djtest /core.cljs  ----[0m
[0mCompiling "app/dev/js/front.js" from ["src_front" "src_front_profile/djtest_front/dev"]...[0m
[32mSuccessfully compiled "app/dev/js/front.js" in 1.07 seconds.[0m
notifying browser that file changed:  app/dev/js/front.js
notifying browser that file changed:  app/dev/js/out_front/goog/deps.js
notifying browser that file changed:  app/dev/js/out_front/djtest/views.js
[0mCompiling "app/dev/js/front.js" from ["src_front" "src_front_profile/djtest_front/dev"]...[0m
[32mSuccessfully compiled "app/dev/js/front.js" in 0.506 seconds.[0m
notifying browser that file changed:  app/dev/js/out_front/djtest/config.js
[0mCompiling "app/dev/js/front.js" from ["src_front" "src_front_profile/djtest_front/dev"]...[0m
[36m----  Compiler Warning on   src_front/djtest /events.cljs   line:3  column:2  ----[0m

  [1mNo such namespace: rf, could not locate rf.cljs, rf.cljc, or Closure namespace ""[0m

  [36m1[0m  [36m(ns djtest.events)[0m
  [36m2[0m  [36m[0m
  [33m3[0m  [1m(rf/reg-event-db[0m
  [0m [0m  [33m ^--- No such namespace: rf, could not locate rf.cljs, rf.cljc, or Closure namespace ""[0m
  [36m4[0m  [36m ::initialize-db[0m
  [36m5[0m  [36m (fn  [_ _][0m
  [36m6[0m  [36m   db/default-db))[0m
  [36m7[0m  [36m[0m
  [36m8[0m  [36m(defn dispatch-timer-event[0m

[36m----  Compiler Warning : Please see src_front/djtest /events.cljs  ----[0m
[36m----  Compiler Warning on   src_front/djtest /events.cljs   line:3  column:2  ----[0m

  [1mUse of undeclared Var rf/reg-event-db[0m

  [36m1[0m  [36m(ns djtest.events)[0m
  [36m2[0m  [36m[0m
  [33m3[0m  [1m(rf/reg-event-db[0m
  [0m [0m  [33m ^--- Use of undeclared Var rf/reg-event-db[0m
  [36m4[0m  [36m ::initialize-db[0m
  [36m5[0m  [36m (fn  [_ _][0m
  [36m6[0m  [36m   db/default-db))[0m
  [36m7[0m  [36m[0m
  [36m8[0m  [36m(defn dispatch-timer-event[0m

[36m----  Compiler Warning : Please see src_front/djtest /events.cljs  ----[0m
[36m----  Compiler Warning on   src_front/djtest /events.cljs   line:6  column:4  ----[0m

  [1mNo such namespace: db, could not locate db.cljs, db.cljc, or Closure namespace ""[0m

  [36m 3[0m  [36m(rf/reg-event-db[0m
  [36m 4[0m  [36m ::initialize-db[0m
  [36m 5[0m  [36m (fn  [_ _][0m
  [33m 6[0m  [1m   db/default-db))[0m
  [0m  [0m  [33m   ^--- No such namespace: db, could not locate db.cljs, db.cljc, or Closure namespace ""[0m
  [36m 7[0m  [36m[0m
  [36m 8[0m  [36m(defn dispatch-timer-event[0m
  [36m 9[0m  [36m  [][0m
  [36m10[0m  [36m  (let [now (js/Date.)][0m
  [36m11[0m  [36m    (rf/dispatch [:timer now])))[0m

[36m----  Compiler Warning : Please see src_front/djtest /events.cljs  ----[0m
[36m----  Compiler Warning on   src_front/djtest /events.cljs   line:6  column:4  ----[0m

  [1mUse of undeclared Var db/default-db[0m

  [36m 3[0m  [36m(rf/reg-event-db[0m
  [36m 4[0m  [36m ::initialize-db[0m
  [36m 5[0m  [36m (fn  [_ _][0m
  [33m 6[0m  [1m   db/default-db))[0m
  [0m  [0m  [33m   ^--- Use of undeclared Var db/default-db[0m
  [36m 7[0m  [36m[0m
  [36m 8[0m  [36m(defn dispatch-timer-event[0m
  [36m 9[0m  [36m  [][0m
  [36m10[0m  [36m  (let [now (js/Date.)][0m
  [36m11[0m  [36m    (rf/dispatch [:timer now])))[0m

[36m----  Compiler Warning : Please see src_front/djtest /events.cljs  ----[0m
[36m----  Compiler Warning on   src_front/djtest /events.cljs   line:11  column:6  ----[0m

  [1mNo such namespace: rf, could not locate rf.cljs, rf.cljc, or Closure namespace ""[0m

  [36m 8[0m  [36m(defn dispatch-timer-event[0m
  [36m 9[0m  [36m  [][0m
  [36m10[0m  [36m  (let [now (js/Date.)][0m
  [33m11[0m  [1m    (rf/dispatch [:timer now])))[0m
  [0m  [0m  [33m     ^--- No such namespace: rf, could not locate rf.cljs, rf.cljc, or Closure namespace ""[0m
  [36m12[0m  [36m[0m
  [36m13[0m  [36m;; call the dispatching function every second[0m
  [36m14[0m  [36m(defonce do-timer (js/setInterval dispatch-timer-event 1000))[0m
  [36m15[0m  [36m[0m
  [36m16[0m  [36m(rf/reg-event-db                 ;; usage:  (rf/dispatch [:timer a-js-Date])[0m

[36m----  Compiler Warning : Please see src_front/djtest /events.cljs  ----[0m
[36m----  Compiler Warning on   src_front/djtest /events.cljs   line:11  column:6  ----[0m

  [1mUse of undeclared Var rf/dispatch[0m

  [36m 8[0m  [36m(defn dispatch-timer-event[0m
  [36m 9[0m  [36m  [][0m
  [36m10[0m  [36m  (let [now (js/Date.)][0m
  [33m11[0m  [1m    (rf/dispatch [:timer now])))[0m
  [0m  [0m  [33m     ^--- Use of undeclared Var rf/dispatch[0m
  [36m12[0m  [36m[0m
  [36m13[0m  [36m;; call the dispatching function every second[0m
  [36m14[0m  [36m(defonce do-timer (js/setInterval dispatch-timer-event 1000))[0m
  [36m15[0m  [36m[0m
  [36m16[0m  [36m(rf/reg-event-db                 ;; usage:  (rf/dispatch [:timer a-js-Date])[0m

[36m----  Compiler Warning : Please see src_front/djtest /events.cljs  ----[0m
[36m----  Compiler Warning on   src_front/djtest /events.cljs   line:16  column:2  ----[0m

  [1mNo such namespace: rf, could not locate rf.cljs, rf.cljc, or Closure namespace ""[0m

  [36m13[0m  [36m;; call the dispatching function every second[0m
  [36m14[0m  [36m(defonce do-timer (js/setInterval dispatch-timer-event 1000))[0m
  [36m15[0m  [36m[0m
  [33m16[0m  [1m(rf/reg-event-db                 ;; usage:  (rf/dispatch [:timer a-js-Date])[0m
  [0m  [0m  [33m ^--- No such namespace: rf, could not locate rf.cljs, rf.cljc, or Closure namespace ""[0m
  [36m17[0m  [36m  :timer[0m
  [36m18[0m  [36m  (fn [db [_ new-time]]          ;; <-- de-structure the event vector[0m
  [36m19[0m  [36m    (assoc db :time new-time)))  ;; compute and return the new application state[0m
  [36m20[0m  [36m[0m
  [36m21[0m  [36m(rf/reg-event-db[0m

[36m----  Compiler Warning : Please see src_front/djtest /events.cljs  ----[0m
[36m----  Compiler Warning on   src_front/djtest /events.cljs   line:16  column:2  ----[0m

  [1mUse of undeclared Var rf/reg-event-db[0m

  [36m13[0m  [36m;; call the dispatching function every second[0m
  [36m14[0m  [36m(defonce do-timer (js/setInterval dispatch-timer-event 1000))[0m
  [36m15[0m  [36m[0m
  [33m16[0m  [1m(rf/reg-event-db                 ;; usage:  (rf/dispatch [:timer a-js-Date])[0m
  [0m  [0m  [33m ^--- Use of undeclared Var rf/reg-event-db[0m
  [36m17[0m  [36m  :timer[0m
  [36m18[0m  [36m  (fn [db [_ new-time]]          ;; <-- de-structure the event vector[0m
  [36m19[0m  [36m    (assoc db :time new-time)))  ;; compute and return the new application state[0m
  [36m20[0m  [36m[0m
  [36m21[0m  [36m(rf/reg-event-db[0m

[36m----  Compiler Warning : Please see src_front/djtest /events.cljs  ----[0m
[36m----  Compiler Warning on   src_front/djtest /events.cljs   line:21  column:2  ----[0m

  [1mNo such namespace: rf, could not locate rf.cljs, rf.cljc, or Closure namespace ""[0m

  [36m17[0m  [36m  :timer[0m
  [36m18[0m  [36m  (fn [db [_ new-time]]          ;; <-- de-structure the event vector[0m
  [36m19[0m  [36m    (assoc db :time new-time)))  ;; compute and return the new application state[0m
  [36m20[0m  [36m[0m
  [33m21[0m  [1m(rf/reg-event-db[0m
  [0m  [0m  [33m ^--- No such namespace: rf, could not locate rf.cljs, rf.cljc, or Closure namespace ""[0m
  [36m22[0m  [36m  :time-colour-change            ;; usage:  (rf/dispatch [:time-color-change 34562])[0m
  [36m23[0m  [36m  (fn [db [_ new-colour-value]][0m
  [36m24[0m  [36m    (assoc db :time-colour new-colour-value)))   ;; compute and return the new application state[0m
  [36m25[0m  [36m[0m
  [36m26[0m  [36m(rf/reg-event-db[0m

[36m----  Compiler Warning : Please see src_front/djtest /events.cljs  ----[0m
[36m----  Compiler Warning on   src_front/djtest /events.cljs   line:21  column:2  ----[0m

  [1mUse of undeclared Var rf/reg-event-db[0m

  [36m17[0m  [36m  :timer[0m
  [36m18[0m  [36m  (fn [db [_ new-time]]          ;; <-- de-structure the event vector[0m
  [36m19[0m  [36m    (assoc db :time new-time)))  ;; compute and return the new application state[0m
  [36m20[0m  [36m[0m
  [33m21[0m  [1m(rf/reg-event-db[0m
  [0m  [0m  [33m ^--- Use of undeclared Var rf/reg-event-db[0m
  [36m22[0m  [36m  :time-colour-change            ;; usage:  (rf/dispatch [:time-color-change 34562])[0m
  [36m23[0m  [36m  (fn [db [_ new-colour-value]][0m
  [36m24[0m  [36m    (assoc db :time-colour new-colour-value)))   ;; compute and return the new application state[0m
  [36m25[0m  [36m[0m
  [36m26[0m  [36m(rf/reg-event-db[0m

[36m----  Compiler Warning : Please see src_front/djtest /events.cljs  ----[0m
[36m----  Compiler Warning on   src_front/djtest /events.cljs   line:26  column:2  ----[0m

  [1mNo such namespace: rf, could not locate rf.cljs, rf.cljc, or Closure namespace ""[0m

  [36m22[0m  [36m  :time-colour-change            ;; usage:  (rf/dispatch [:time-color-change 34562])[0m
  [36m23[0m  [36m  (fn [db [_ new-colour-value]][0m
  [36m24[0m  [36m    (assoc db :time-colour new-colour-value)))   ;; compute and return the new application state[0m
  [36m25[0m  [36m[0m
  [33m26[0m  [1m(rf/reg-event-db[0m
  [0m  [0m  [33m ^--- No such namespace: rf, could not locate rf.cljs, rf.cljc, or Closure namespace ""[0m
  [36m27[0m  [36m  :process-response[0m
  [36m28[0m  [36m  (fn[0m
  [36m29[0m  [36m    [db [_ response]]           ;; destructure the response from the event vector[0m
  [36m30[0m  [36m    (-> db[0m
  [36m31[0m  [36m        (assoc :loading? false) ;; take away that "Loading ..." UI[0m

[36m----  Compiler Warning : Please see src_front/djtest /events.cljs  ----[0m
[36m----  Compiler Warning on   src_front/djtest /events.cljs   line:26  column:2  ----[0m

  [1mUse of undeclared Var rf/reg-event-db[0m

  [36m22[0m  [36m  :time-colour-change            ;; usage:  (rf/dispatch [:time-color-change 34562])[0m
  [36m23[0m  [36m  (fn [db [_ new-colour-value]][0m
  [36m24[0m  [36m    (assoc db :time-colour new-colour-value)))   ;; compute and return the new application state[0m
  [36m25[0m  [36m[0m
  [33m26[0m  [1m(rf/reg-event-db[0m
  [0m  [0m  [33m ^--- Use of undeclared Var rf/reg-event-db[0m
  [36m27[0m  [36m  :process-response[0m
  [36m28[0m  [36m  (fn[0m
  [36m29[0m  [36m    [db [_ response]]           ;; destructure the response from the event vector[0m
  [36m30[0m  [36m    (-> db[0m
  [36m31[0m  [36m        (assoc :loading? false) ;; take away that "Loading ..." UI[0m

[36m----  Compiler Warning : Please see src_front/djtest /events.cljs  ----[0m
[36m----  Compiler Warning on   src_front/djtest /events.cljs   line:34  column:2  ----[0m

  [1mNo such namespace: rf, could not locate rf.cljs, rf.cljc, or Closure namespace ""[0m

  [36m30[0m  [36m    (-> db[0m
  [36m31[0m  [36m        (assoc :loading? false) ;; take away that "Loading ..." UI[0m
  [36m32[0m  [36m        (assoc :data (js->clj response)))))  ;; fairly lame processing[0m
  [36m33[0m  [36m[0m
  [33m34[0m  [1m(rf/reg-event-db[0m
  [0m  [0m  [33m ^--- No such namespace: rf, could not locate rf.cljs, rf.cljc, or Closure namespace ""[0m
  [36m35[0m  [36m  :bad-response[0m
  [36m36[0m  [36m  (fn[0m
  [36m37[0m  [36m    [db [_ response]][0m
  [36m38[0m  [36m    (-> db[0m
  [36m39[0m  [36m        (assoc :loading? false)[0m

[36m----  Compiler Warning : Please see src_front/djtest /events.cljs  ----[0m
[36m----  Compiler Warning on   src_front/djtest /events.cljs   line:34  column:2  ----[0m

  [1mUse of undeclared Var rf/reg-event-db[0m

  [36m30[0m  [36m    (-> db[0m
  [36m31[0m  [36m        (assoc :loading? false) ;; take away that "Loading ..." UI[0m
  [36m32[0m  [36m        (assoc :data (js->clj response)))))  ;; fairly lame processing[0m
  [36m33[0m  [36m[0m
  [33m34[0m  [1m(rf/reg-event-db[0m
  [0m  [0m  [33m ^--- Use of undeclared Var rf/reg-event-db[0m
  [36m35[0m  [36m  :bad-response[0m
  [36m36[0m  [36m  (fn[0m
  [36m37[0m  [36m    [db [_ response]][0m
  [36m38[0m  [36m    (-> db[0m
  [36m39[0m  [36m        (assoc :loading? false)[0m

[36m----  Compiler Warning : Please see src_front/djtest /events.cljs  ----[0m
[36m----  Compiler Warning on   src_front/djtest /events.cljs   line:43  column:2  ----[0m

  [1mNo such namespace: rf, could not locate rf.cljs, rf.cljc, or Closure namespace ""[0m

  [36m39[0m  [36m        (assoc :loading? false)[0m
  [36m40[0m  [36m        (assoc :error "Project load failed")[0m
  [36m41[0m  [36m        )))[0m
  [36m42[0m  [36m[0m
  [33m43[0m  [1m(rf/reg-event-fx        ;; <-- note the `-fx` extension[0m
  [0m  [0m  [33m ^--- No such namespace: rf, could not locate rf.cljs, rf.cljc, or Closure namespace ""[0m
  [36m44[0m  [36m  :request-it        ;; <-- the event id[0m
  [36m45[0m  [36m  (fn                ;; <-- the handler function[0m
  [36m46[0m  [36m    [{db :db} _]     ;; <-- 1st argument is coeffect, from which we extract db[0m
  [36m47[0m  [36m[0m
  [36m48[0m  [36m    ;; we return a map of (side) effects[0m

[36m----  Compiler Warning : Please see src_front/djtest /events.cljs  ----[0m
[36m----  Compiler Warning on   src_front/djtest /events.cljs   line:43  column:2  ----[0m

  [1mUse of undeclared Var rf/reg-event-fx[0m

  [36m39[0m  [36m        (assoc :loading? false)[0m
  [36m40[0m  [36m        (assoc :error "Project load failed")[0m
  [36m41[0m  [36m        )))[0m
  [36m42[0m  [36m[0m
  [33m43[0m  [1m(rf/reg-event-fx        ;; <-- note the `-fx` extension[0m
  [0m  [0m  [33m ^--- Use of undeclared Var rf/reg-event-fx[0m
  [36m44[0m  [36m  :request-it        ;; <-- the event id[0m
  [36m45[0m  [36m  (fn                ;; <-- the handler function[0m
  [36m46[0m  [36m    [{db :db} _]     ;; <-- 1st argument is coeffect, from which we extract db[0m
  [36m47[0m  [36m[0m
  [36m48[0m  [36m    ;; we return a map of (side) effects[0m

[36m----  Compiler Warning : Please see src_front/djtest /events.cljs  ----[0m
[36m----  Compiler Warning on   src_front/djtest /events.cljs   line:51  column:41  ----[0m

  [1mUse of undeclared Var djtest.events/api-root[0m

  [36m48[0m  [36m;; we return a map of (side) effects[0m
  [36m49[0m  [36m{:http-xhrio {:method          :get[0m
  [36m50[0m  [36m              :cross-origin    true[0m
  [33m51[0m  [1m              :uri             (str api-root "/projects")[0m
  [0m  [0m  [33m                                    ^--- Use of undeclared Var djtest.events/api-root[0m
  [36m52[0m  [36m              :format          (ajax/json-request-format)[0m
  [36m53[0m  [36m              :response-format (ajax/json-response-format {:keywords? true})[0m
  [36m54[0m  [36m              :on-success      [:process-response][0m
  [36m55[0m  [36m              :on-failure      [:bad-response]}[0m
  [36m56[0m  [36m :db  (assoc db :loading? true)}))[0m

[36m----  Compiler Warning : Please see src_front/djtest /events.cljs  ----[0m
[36m----  Compiler Warning on   src_front/djtest /events.cljs   line:52  column:37  ----[0m

  [1mNo such namespace: ajax, could not locate ajax.cljs, ajax.cljc, or Closure namespace ""[0m

  [36m48[0m  [36m;; we return a map of (side) effects[0m
  [36m49[0m  [36m{:http-xhrio {:method          :get[0m
  [36m50[0m  [36m              :cross-origin    true[0m
  [36m51[0m  [36m              :uri             (str api-root "/projects")[0m
  [33m52[0m  [1m              :format          (ajax/json-request-format)[0m
  [0m  [0m  [33m                                ^--- No such namespace: ajax, could not locate ajax.cljs, ajax.cljc, or Closure namespace ""[0m
  [36m53[0m  [36m              :response-format (ajax/json-response-format {:keywords? true})[0m
  [36m54[0m  [36m              :on-success      [:process-response][0m
  [36m55[0m  [36m              :on-failure      [:bad-response]}[0m
  [36m56[0m  [36m :db  (assoc db :loading? true)}))[0m

[36m----  Compiler Warning : Please see src_front/djtest /events.cljs  ----[0m
[36m----  Compiler Warning on   src_front/djtest /events.cljs   line:52  column:37  ----[0m

  [1mUse of undeclared Var ajax/json-request-format[0m

  [36m48[0m  [36m;; we return a map of (side) effects[0m
  [36m49[0m  [36m{:http-xhrio {:method          :get[0m
  [36m50[0m  [36m              :cross-origin    true[0m
  [36m51[0m  [36m              :uri             (str api-root "/projects")[0m
  [33m52[0m  [1m              :format          (ajax/json-request-format)[0m
  [0m  [0m  [33m                                ^--- Use of undeclared Var ajax/json-request-format[0m
  [36m53[0m  [36m              :response-format (ajax/json-response-format {:keywords? true})[0m
  [36m54[0m  [36m              :on-success      [:process-response][0m
  [36m55[0m  [36m              :on-failure      [:bad-response]}[0m
  [36m56[0m  [36m :db  (assoc db :loading? true)}))[0m

[36m----  Compiler Warning : Please see src_front/djtest /events.cljs  ----[0m
[36m----  Compiler Warning on   src_front/djtest /events.cljs   line:53  column:37  ----[0m

  [1mNo such namespace: ajax, could not locate ajax.cljs, ajax.cljc, or Closure namespace ""[0m

  [36m49[0m  [36m{:http-xhrio {:method          :get[0m
  [36m50[0m  [36m              :cross-origin    true[0m
  [36m51[0m  [36m              :uri             (str api-root "/projects")[0m
  [36m52[0m  [36m              :format          (ajax/json-request-format)[0m
  [33m53[0m  [1m              :response-format (ajax/json-response-format {:keywords? true})[0m
  [0m  [0m  [33m                                ^--- No such namespace: ajax, could not locate ajax.cljs, ajax.cljc, or Closure namespace ""[0m
  [36m54[0m  [36m              :on-success      [:process-response][0m
  [36m55[0m  [36m              :on-failure      [:bad-response]}[0m
  [36m56[0m  [36m :db  (assoc db :loading? true)}))[0m

[36m----  Compiler Warning : Please see src_front/djtest /events.cljs  ----[0m
[36m----  Compiler Warning on   src_front/djtest /events.cljs   line:53  column:37  ----[0m

  [1mUse of undeclared Var ajax/json-response-format[0m

  [36m49[0m  [36m{:http-xhrio {:method          :get[0m
  [36m50[0m  [36m              :cross-origin    true[0m
  [36m51[0m  [36m              :uri             (str api-root "/projects")[0m
  [36m52[0m  [36m              :format          (ajax/json-request-format)[0m
  [33m53[0m  [1m              :response-format (ajax/json-response-format {:keywords? true})[0m
  [0m  [0m  [33m                                ^--- Use of undeclared Var ajax/json-response-format[0m
  [36m54[0m  [36m              :on-success      [:process-response][0m
  [36m55[0m  [36m              :on-failure      [:bad-response]}[0m
  [36m56[0m  [36m :db  (assoc db :loading? true)}))[0m

[36m----  Compiler Warning : Please see src_front/djtest /events.cljs  ----[0m
[32mSuccessfully compiled "app/dev/js/front.js" in 0.717 seconds.[0m
notifying browser that file changed:  app/dev/js/out_front/djtest/events.js
[0mCompiling "app/dev/js/front.js" from ["src_front" "src_front_profile/djtest_front/dev"]...[0m
[31mFailed to compile "app/dev/js/front.js" in 0.335 seconds.[0m
[36m----  Could not Analyze  src_front/djtest /events.cljs  ----[0m

  [1mNo such namespace: re-frame-demo.db, could not locate re_frame_demo/db.cljs, re_frame_demo/db.cljc, or Closure namespace "re-frame-demo.db" [0m

[36m----  Analysis Error : Please see src_front/djtest /events.cljs  ----[0m
[0mCompiling "app/dev/js/front.js" from ["src_front" "src_front_profile/djtest_front/dev"]...[0m
[31mFailed to compile "app/dev/js/front.js" in 0.327 seconds.[0m
[36m----  Could not Analyze  src_front/djtest /events.cljs  ----[0m

  [1mNo such namespace: djtest.db, could not locate djtest/db.cljs, djtest/db.cljc, or Closure namespace "djtest.db" [0m

[36m----  Analysis Error : Please see src_front/djtest /events.cljs  ----[0m
[0mCompiling "app/dev/js/front.js" from ["src_front" "src_front_profile/djtest_front/dev"]...[0m
[31mFailed to compile "app/dev/js/front.js" in 0.333 seconds.[0m
[36m----  Could not Analyze  src_front/djtest /events.cljs  ----[0m

  [1mNo such namespace: djtest.db, could not locate djtest/db.cljs, djtest/db.cljc, or Closure namespace "djtest.db" [0m

[36m----  Analysis Error : Please see src_front/djtest /events.cljs  ----[0m
[0mCompiling "app/dev/js/front.js" from ["src_front" "src_front_profile/djtest_front/dev"]...[0m
[32mSuccessfully compiled "app/dev/js/front.js" in 0.48 seconds.[0m
[0mCompiling "app/dev/js/front.js" from ["src_front" "src_front_profile/djtest_front/dev"]...[0m
[31mFailed to compile "app/dev/js/front.js" in 0.422 seconds.[0m
[36m----  Could not Analyze  src_front/djtest /events.cljs  ----[0m

  [1mNo such namespace: ajax.core, could not locate ajax/core.cljs, ajax/core.cljc, or Closure namespace "ajax.core" [0m

[36m----  Analysis Error : Please see src_front/djtest /events.cljs  ----[0m
[0mCompiling "app/dev/js/front.js" from ["src_front" "src_front_profile/djtest_front/dev"]...[0m
[31mFailed to compile "app/dev/js/front.js" in 0.341 seconds.[0m
[36m----  Could not Analyze  src_front/djtest /events.cljs  ----[0m

  [1mNo such namespace: ajax.core, could not locate ajax/core.cljs, ajax/core.cljc, or Closure namespace "ajax.core" [0m

[36m----  Analysis Error : Please see src_front/djtest /events.cljs  ----[0m
[0mCompiling "app/dev/js/front.js" from ["src_front" "src_front_profile/djtest_front/dev"]...[0m
[31mFailed to compile "app/dev/js/front.js" in 0.345 seconds.[0m
[36m----  Could not Analyze  src_front/djtest /events.cljs  ----[0m

  [1mNo such namespace: day8.re-frame.http-fx, could not locate day8/re_frame/http_fx.cljs, day8/re_frame/http_fx.cljc, or Closure namespace "day8.re-frame.http-fx" [0m

[36m----  Analysis Error : Please see src_front/djtest /events.cljs  ----[0m
[0mCompiling "app/dev/js/front.js" from ["src_front" "src_front_profile/djtest_front/dev"]...[0m
[31mFailed to compile "app/dev/js/front.js" in 0.314 seconds.[0m
[36m----  Could not Analyze  src_front/djtest /events.cljs  ----[0m

  [1mNo such namespace: day8.re-frame.http-fx, could not locate day8/re_frame/http_fx.cljs, day8/re_frame/http_fx.cljc, or Closure namespace "day8.re-frame.http-fx" [0m

[36m----  Analysis Error : Please see src_front/djtest /events.cljs  ----[0m
[0mCompiling "app/dev/js/front.js" from ["src_front" "src_front_profile/djtest_front/dev"]...[0m
[32mSuccessfully compiled "app/dev/js/front.js" in 0.42 seconds.[0m
notifying browser that file changed:  app/dev/js/front.js
notifying browser that file changed:  app/dev/js/out_front/djtest/events.js
[0mCompiling "app/dev/js/front.js" from ["src_front" "src_front_profile/djtest_front/dev"]...[0m
[32mSuccessfully compiled "app/dev/js/front.js" in 0.487 seconds.[0m
notifying browser that file changed:  app/dev/js/out_front/djtest_front/core.js
[0mCompiling "app/dev/js/front.js" from ["src_front" "src_front_profile/djtest_front/dev"]...[0m
[31mFailed to compile "app/dev/js/front.js" in 0.333 seconds.[0m
[36m----  Could not Analyze  src_front/djtest /views.cljs  ----[0m

  [1mNo such namespace: re-com.core, could not locate re_com/core.cljs, re_com/core.cljc, or Closure namespace "re-com.core" [0m

[36m----  Analysis Error : Please see src_front/djtest /views.cljs  ----[0m
[0mCompiling "app/dev/js/front.js" from ["src_front" "src_front_profile/djtest_front/dev"]...[0m
[31mFailed to compile "app/dev/js/front.js" in 0.327 seconds.[0m
[36m----  Could not Analyze  src_front/djtest /views.cljs  ----[0m

  [1mNo such namespace: re-com.core, could not locate re_com/core.cljs, re_com/core.cljc, or Closure namespace "re-com.core" [0m

[36m----  Analysis Error : Please see src_front/djtest /views.cljs  ----[0m
[0mCompiling "app/dev/js/front.js" from ["src_front" "src_front_profile/djtest_front/dev"]...[0m
[31mFailed to compile "app/dev/js/front.js" in 0.331 seconds.[0m
[36m----  Could not Analyze  src_front/djtest /views.cljs  ----[0m

  [1mNo such namespace: re-com.core, could not locate re_com/core.cljs, re_com/core.cljc, or Closure namespace "re-com.core" [0m

[36m----  Analysis Error : Please see src_front/djtest /views.cljs  ----[0m
[0mCompiling "app/dev/js/front.js" from ["src_front" "src_front_profile/djtest_front/dev"]...[0m
[32mSuccessfully compiled "app/dev/js/front.js" in 2.208 seconds.[0m
notifying browser that file changed:  app/dev/js/front.js
notifying browser that file changed:  app/dev/js/out_front/goog/deps.js
notifying browser that file changed:  app/dev/js/out_front/djtest/views.js
[0mCompiling "app/dev/js/front.js" from ["src_front" "src_front_profile/djtest_front/dev"]...[0m
[32mSuccessfully compiled "app/dev/js/front.js" in 0.614 seconds.[0m
notifying browser that file changed:  app/dev/js/out_front/djtest_front/core.js
[0mCompiling "app/dev/js/front.js" from ["src_front" "src_front_profile/djtest_front/dev"]...[0m
[32mSuccessfully compiled "app/dev/js/front.js" in 0.705 seconds.[0m
notifying browser that file changed:  app/dev/js/front.js
notifying browser that file changed:  app/dev/js/out_front/djtest/core.js
[0mCompiling "app/dev/js/front.js" from ["src_front" "src_front_profile/djtest_front/dev"]...[0m
[32mSuccessfully compiled "app/dev/js/front.js" in 0.485 seconds.[0m
notifying browser that file changed:  app/dev/js/out_front/djtest/core.js
notifying browser that file changed:  app/dev/js/out_front/djtest/events.js
notifying browser that file changed:  app/dev/js/out_front/djtest/views.js
notifying browser that file changed:  app/dev/js/out_front/djtest/subs.js
notifying browser that file changed:  app/dev/js/out_front/djtest/config.js
notifying browser that file changed:  app/dev/js/out_front/djtest/db.js
[0mCompiling "app/dev/js/front.js" from ["src_front" "src_front_profile/djtest_front/dev"]...[0m
[32mSuccessfully compiled "app/dev/js/front.js" in 0.543 seconds.[0m
notifying browser that file changed:  app/dev/js/out_front/djtest/db.js
[0mCompiling "app/dev/js/front.js" from ["src_front" "src_front_profile/djtest_front/dev"]...[0m
[32mSuccessfully compiled "app/dev/js/front.js" in 3.698 seconds.[0m
notifying browser that file changed:  app/dev/js/front.js
notifying browser that file changed:  app/dev/js/out_front/goog/deps.js
notifying browser that file changed:  app/dev/js/out_front/djtest/core.js
[0mCompiling "app/dev/js/front.js" from ["src_front" "src_front_profile/djtest_front/dev"]...[0m
[31mFailed to compile "app/dev/js/front.js" in 0.935 seconds.[0m
[36m----  Could not Analyze  src_front/djtest/events.cljs  ----[0m

  [1mNo such namespace: ajax.core, could not locate ajax/core.cljs, ajax/core.cljc, or Closure namespace "ajax.core" [0m

[36m----  Analysis Error : Please see src_front/djtest/events.cljs  ----[0m
[0mCompiling "app/dev/js/front.js" from ["src_front" "src_front_profile/djtest_front/dev"]...[0m
[36m----  Compiler Warning on   src_front/djtest/events.cljs   line:56  column:41  ----[0m

  [1mUse of undeclared Var djtest.events/api-root[0m

  [36m53[0m  [36m;; we return a map of (side) effects[0m
  [36m54[0m  [36m{:http-xhrio {:method          :get[0m
  [36m55[0m  [36m              :cross-origin    true[0m
  [33m56[0m  [1m              :uri             (str api-root "/projects")[0m
  [0m  [0m  [33m                                    ^--- Use of undeclared Var djtest.events/api-root[0m
  [36m57[0m  [36m              :format          (ajax/json-request-format)[0m
  [36m58[0m  [36m              :response-format (ajax/json-response-format {:keywords? true})[0m
  [36m59[0m  [36m              :on-success      [:process-response][0m
  [36m60[0m  [36m              :on-failure      [:bad-response]}[0m
  [36m61[0m  [36m :db  (assoc db :loading? true)}))[0m

[36m----  Compiler Warning : Please see src_front/djtest/events.cljs  ----[0m
[32mSuccessfully compiled "app/dev/js/front.js" in 2.617 seconds.[0m
notifying browser that file changed:  app/dev/js/front.js
notifying browser that file changed:  app/dev/js/out_front/goog/deps.js
notifying browser that file changed:  app/dev/js/out_front/djtest/events.js
[0mCompiling "app/dev/js/front.js" from ["src_front" "src_front_profile/djtest_front/dev"]...[0m
[32mSuccessfully compiled "app/dev/js/front.js" in 0.69 seconds.[0m
notifying browser that file changed:  app/dev/js/out_front/djtest/events.js
[0mCompiling "app/dev/js/front.js" from ["src_front" "src_front_profile/djtest_front/dev"]...[0m
[32mSuccessfully compiled "app/dev/js/front.js" in 0.805 seconds.[0m
notifying browser that file changed:  app/dev/js/out_front/djtest/db.js
[0mCompiling "app/dev/js/front.js" from ["src_front" "src_front_profile/djtest_front/dev"]...[0m
[32mSuccessfully compiled "app/dev/js/front.js" in 0.78 seconds.[0m
notifying browser that file changed:  app/dev/js/out_front/djtest/events.js
[0mCompiling "app/dev/js/front.js" from ["src_front" "src_front_profile/djtest_front/dev"]...[0m
[32mSuccessfully compiled "app/dev/js/front.js" in 0.849 seconds.[0m
notifying browser that file changed:  app/dev/js/out_front/djtest/views.js
[0mCompiling "app/dev/js/front.js" from ["src_front" "src_front_profile/djtest_front/dev"]...[0m
[32mSuccessfully compiled "app/dev/js/front.js" in 0.677 seconds.[0m
notifying browser that file changed:  app/dev/js/out_front/djtest/db.js
[0mCompiling "app/dev/js/front.js" from ["src_front" "src_front_profile/djtest_front/dev"]...[0m
[32mSuccessfully compiled "app/dev/js/front.js" in 0.713 seconds.[0m
notifying browser that file changed:  app/dev/js/out_front/djtest/views.js
[0mCompiling "app/dev/js/front.js" from ["src_front" "src_front_profile/djtest_front/dev"]...[0m
[32mSuccessfully compiled "app/dev/js/front.js" in 0.9 seconds.[0m
notifying browser that file changed:  app/dev/js/out_front/djtest/subs.js
[0mCompiling "app/dev/js/front.js" from ["src_front" "src_front_profile/djtest_front/dev"]...[0m
[32mSuccessfully compiled "app/dev/js/front.js" in 3.637 seconds.[0m
notifying browser that file changed:  app/dev/js/out_front/djtest/events.js
[0mCompiling "app/dev/js/front.js" from ["src_front" "src_front_profile/djtest_front/dev"]...[0m
[32mSuccessfully compiled "app/dev/js/front.js" in 2.208 seconds.[0m
notifying browser that file changed:  app/dev/js/out_front/djtest/events.js
[0mCompiling "app/dev/js/front.js" from ["src_front" "src_front_profile/djtest_front/dev"]...[0m
[32mSuccessfully compiled "app/dev/js/front.js" in 1.396 seconds.[0m
notifying browser that file changed:  app/dev/js/out_front/djtest/config.js
[0mCompiling "app/dev/js/front.js" from ["src_front" "src_front_profile/djtest_front/dev"]...[0m
[32mSuccessfully compiled "app/dev/js/front.js" in 1.01 seconds.[0m
notifying browser that file changed:  app/dev/js/front.js
notifying browser that file changed:  app/dev/js/out_front/djtest/events.js
[0mCompiling "app/dev/js/front.js" from ["src_front" "src_front_profile/djtest_front/dev"]...[0m
[32mSuccessfully compiled "app/dev/js/front.js" in 0.939 seconds.[0m
notifying browser that file changed:  app/dev/js/out_front/djtest/views.js
[0mCompiling "app/dev/js/front.js" from ["src_front" "src_front_profile/djtest_front/dev"]...[0m
[32mSuccessfully compiled "app/dev/js/front.js" in 0.941 seconds.[0m
notifying browser that file changed:  app/dev/js/out_front/djtest/views.js
[0mCompiling "app/dev/js/front.js" from ["src_front" "src_front_profile/djtest_front/dev"]...[0m
[32mSuccessfully compiled "app/dev/js/front.js" in 0.677 seconds.[0m
notifying browser that file changed:  app/dev/js/out_front/djtest/views.js
[0mCompiling "app/dev/js/front.js" from ["src_front" "src_front_profile/djtest_front/dev"]...[0m
[32mSuccessfully compiled "app/dev/js/front.js" in 0.683 seconds.[0m
notifying browser that file changed:  app/dev/js/out_front/djtest/views.js
[0mCompiling "app/dev/js/front.js" from ["src_front" "src_front_profile/djtest_front/dev"]...[0m
[32mSuccessfully compiled "app/dev/js/front.js" in 0.7 seconds.[0m
notifying browser that file changed:  app/dev/js/out_front/djtest/views.js
[0mCompiling "app/dev/js/front.js" from ["src_front" "src_front_profile/djtest_front/dev"]...[0m
[32mSuccessfully compiled "app/dev/js/front.js" in 0.69 seconds.[0m
notifying browser that file changed:  app/dev/js/out_front/djtest/views.js
[0mCompiling "app/dev/js/front.js" from ["src_front" "src_front_profile/djtest_front/dev"]...[0m
[32mSuccessfully compiled "app/dev/js/front.js" in 0.84 seconds.[0m
notifying browser that file changed:  app/dev/js/out_front/djtest/views.js
[0mCompiling "app/dev/js/front.js" from ["src_front" "src_front_profile/djtest_front/dev"]...[0m
[32mSuccessfully compiled "app/dev/js/front.js" in 0.691 seconds.[0m
notifying browser that file changed:  app/dev/js/out_front/djtest/views.js
[0mCompiling "app/dev/js/front.js" from ["src_front" "src_front_profile/djtest_front/dev"]...[0m
[32mSuccessfully compiled "app/dev/js/front.js" in 0.684 seconds.[0m
notifying browser that file changed:  app/dev/js/out_front/djtest/core.js
[0mCompiling "app/dev/js/front.js" from ["src_front" "src_front_profile/djtest_front/dev"]...[0m
[32mSuccessfully compiled "app/dev/js/front.js" in 0.61 seconds.[0m
notifying browser that file changed:  app/dev/js/out_front/djtest/core.js
[0mCompiling "app/dev/js/front.js" from ["src_front" "src_front_profile/djtest_front/dev"]...[0m
[32mSuccessfully compiled "app/dev/js/front.js" in 0.67 seconds.[0m
notifying browser that file changed:  app/dev/js/out_front/djtest/db.js
[0mCompiling "app/dev/js/front.js" from ["src_front" "src_front_profile/djtest_front/dev"]...[0m
[32mSuccessfully compiled "app/dev/js/front.js" in 0.756 seconds.[0m
notifying browser that file changed:  app/dev/js/out_front/djtest/views.js
[0mCompiling "app/dev/js/front.js" from ["src_front" "src_front_profile/djtest_front/dev"]...[0m
[32mSuccessfully compiled "app/dev/js/front.js" in 0.659 seconds.[0m
notifying browser that file changed:  app/dev/js/out_front/djtest/views.js
